Arguments: 
  /home/az/.nvm/versions/node/v16.14.1/bin/node /home/az/.nvm/versions/node/v16.14.1/bin/yarn add showpack --save-dev

PATH: 
  /home/az/.nvm/versions/node/v16.14.1/bin:/usr/local/sbin:/usr/local/bin:/usr/sbin:/usr/bin:/sbin:/bin:/usr/games:/usr/local/games:/snap/bin

Yarn version: 
  1.22.18

Node version: 
  16.14.1

Platform: 
  linux x64

Trace: 
  Error: https://registry.yarnpkg.com/showpack: Not found
      at Request.params.callback [as _callback] (/home/az/.nvm/versions/node/v16.14.1/lib/node_modules/yarn/lib/cli.js:66138:18)
      at Request.self.callback (/home/az/.nvm/versions/node/v16.14.1/lib/node_modules/yarn/lib/cli.js:140883:22)
      at Request.emit (node:events:526:28)
      at Request.<anonymous> (/home/az/.nvm/versions/node/v16.14.1/lib/node_modules/yarn/lib/cli.js:141855:10)
      at Request.emit (node:events:526:28)
      at IncomingMessage.<anonymous> (/home/az/.nvm/versions/node/v16.14.1/lib/node_modules/yarn/lib/cli.js:141777:12)
      at Object.onceWrapper (node:events:645:28)
      at IncomingMessage.emit (node:events:538:35)
      at endReadableNT (node:internal/streams/readable:1345:12)
      at processTicksAndRejections (node:internal/process/task_queues:83:21)

npm manifest: 
  {
    "name": "profile",
    "version": "1.0.0",
    "main": "index.html",
    "author": "AZ",
    "license": "MIT",
    "private": true
  }

yarn manifest: 
  No manifest

Lockfile: 
  # THIS IS AN AUTOGENERATED FILE. DO NOT EDIT THIS FILE DIRECTLY.
  # yarn lockfile v1
